cl : command line warning D9025: overriding '/MT' with '/MD'
  irpch.cpp
D:\The Iris\IrisEngine\IrisEngine\src\core\log.h(18,41): warning C4251: 'Iris::Log::s_coreLogger': class 'std::shared_ptr<spdlog::logger>' needs to have dll-interface to be used by clients of class 'Iris::Log'
D:\The Iris\IrisEngine\vendor\thirdparty\LOG\include\spdlog\details\registry.h(34): message : see declaration of 'std::shared_ptr<spdlog::logger>'
D:\The Iris\IrisEngine\IrisEngine\src\core\log.h(19,41): warning C4251: 'Iris::Log::s_clientLogger': class 'std::shared_ptr<spdlog::logger>' needs to have dll-interface to be used by clients of class 'Iris::Log'
D:\The Iris\IrisEngine\vendor\thirdparty\LOG\include\spdlog\details\registry.h(34): message : see declaration of 'std::shared_ptr<spdlog::logger>'
cl : command line warning D9025: overriding '/MT' with '/MD'
  IRlauncher.cpp
D:\The Iris\IrisEngine\IrisEngine\src\core\layers.h(22,15): warning C4251: 'Iris::Layer::m_DebugName': class 'std::basic_string<char,std::char_traits<char>,std::allocator<char>>' needs to have dll-interface to be used by clients of class 'Iris::Layer'
D:\Microsoft Visual Studio\MS Visual Studio\VC\Tools\MSVC\14.29.30037\include\xstring(4905): message : see declaration of 'std::basic_string<char,std::char_traits<char>,std::allocator<char>>'
D:\The Iris\IrisEngine\IrisEngine\src\core\layerStack.h(30,23): warning C4251: 'Iris::LayerStack::m_Layers': class 'std::vector<Iris::Layer *,std::allocator<Iris::Layer *>>' needs to have dll-interface to be used by clients of class 'Iris::LayerStack'
D:\The Iris\IrisEngine\IrisEngine\src\core\layerStack.h(20): message : see declaration of 'std::vector<Iris::Layer *,std::allocator<Iris::Layer *>>'
D:\The Iris\IrisEngine\IrisEngine\src\core\IRlauncher.h(22,27): warning C4251: 'Iris::Application::m_Window': class 'std::unique_ptr<Iris::Window,std::default_delete<Iris::Window>>' needs to have dll-interface to be used by clients of class 'Iris::Application'
D:\The Iris\IrisEngine\IrisEngine\src\core\IRlauncher.h(22): message : see declaration of 'std::unique_ptr<Iris::Window,std::default_delete<Iris::Window>>'
  editor_interface.cpp
  layerStack.cpp
D:\The Iris\IrisEngine\IrisEngine\src\core\layers.h(22,15): warning C4251: 'Iris::Layer::m_DebugName': class 'std::basic_string<char,std::char_traits<char>,std::allocator<char>>' needs to have dll-interface to be used by clients of class 'Iris::Layer'
D:\Microsoft Visual Studio\MS Visual Studio\VC\Tools\MSVC\14.29.30037\include\xstring(4905): message : see declaration of 'std::basic_string<char,std::char_traits<char>,std::allocator<char>>'
D:\The Iris\IrisEngine\IrisEngine\src\core\layerStack.h(30,23): warning C4251: 'Iris::LayerStack::m_Layers': class 'std::vector<Iris::Layer *,std::allocator<Iris::Layer *>>' needs to have dll-interface to be used by clients of class 'Iris::LayerStack'
D:\The Iris\IrisEngine\IrisEngine\src\core\layerStack.h(20): message : see declaration of 'std::vector<Iris::Layer *,std::allocator<Iris::Layer *>>'
  layers.cpp
D:\The Iris\IrisEngine\IrisEngine\src\core\layers.h(22,15): warning C4251: 'Iris::Layer::m_DebugName': class 'std::basic_string<char,std::char_traits<char>,std::allocator<char>>' needs to have dll-interface to be used by clients of class 'Iris::Layer'
D:\Microsoft Visual Studio\MS Visual Studio\VC\Tools\MSVC\14.29.30037\include\xstring(4905): message : see declaration of 'std::basic_string<char,std::char_traits<char>,std::allocator<char>>'
  log.cpp
  windows.cpp
  Generating Code...
     Creating library ..\bin\Dist-windows-x86_64\IrisEngine\IrisEngine.lib and object ..\bin\Dist-windows-x86_64\IrisEngine\IrisEngine.exp
LINK : warning LNK4098: defaultlib 'LIBCMT' conflicts with use of other libs; use /NODEFAULTLIB:library
  IrisEngine.vcxproj -> D:\The Iris\IrisEngine\bin\Dist-windows-x86_64\IrisEngine\IrisEngine.dll
