cl : command line warning D9025: overriding '/MTd' with '/MDd'
  irpch.cpp
cl : command line warning D9025: overriding '/MTd' with '/MDd'
  IRlauncher.cpp
D:\The Iris\IrisEngine\IrisEngine\src\core\IRlauncher.cpp(8,1): warning C4005: 'IR_BIND_EVENT_FN': macro redefinition
D:\The Iris\IrisEngine\IrisEngine\src\core\core.h(22): message : see previous definition of 'IR_BIND_EVENT_FN'
D:\The Iris\IrisEngine\IrisEngine\src\core\IRlauncher.cpp(111,33): warning C4305: 'argument': truncation from 'double' to 'GLfloat'
  opengl_buffer.cpp
  opengl_context.cpp
  opengl_vertexArray.cpp
D:\The Iris\IrisEngine\IrisEngine\src\core\drivers\OpenGL\opengl_vertexArray.cpp(48,183): warning C4312: 'type cast': conversion from 'const uint32_t' to 'const void *' of greater size
  UIbuild.cpp
  editor_interface.cpp
  layerStack.cpp
  layers.cpp
  log.cpp
  buffers.cpp
  renderer_rd.cpp
  shader.cpp
  vertexArray.cpp
  winInput.cpp
  windows.cpp
  Generating Code...
D:\The Iris\IrisEngine\IrisEngine\src\core\drivers\OpenGL\opengl_vertexArray.cpp(22): warning C4715: 'Iris::sdtToGLtype': not all control paths return a value
  IrisEngine.vcxproj -> D:\The Iris\IrisEngine\bin\Debug-windows-x86_64\IrisEngine\IrisEngine.lib
