d:\the iris\irisengine\obj\debug-windows-x86_64\irisengine\irisengine.pch
d:\the iris\irisengine\bin\debug-windows-x86_64\irisengine\irisengine.pdb
d:\the iris\irisengine\bin\debug-windows-x86_64\irisengine\irisengine.idb
d:\the iris\irisengine\obj\debug-windows-x86_64\irisengine\irpch.obj
d:\the iris\irisengine\obj\debug-windows-x86_64\irisengine\windows.obj
d:\the iris\irisengine\obj\debug-windows-x86_64\irisengine\wininput.obj
d:\the iris\irisengine\obj\debug-windows-x86_64\irisengine\vertexarray.obj
d:\the iris\irisengine\obj\debug-windows-x86_64\irisengine\shader.obj
d:\the iris\irisengine\obj\debug-windows-x86_64\irisengine\renderer_rd.obj
d:\the iris\irisengine\obj\debug-windows-x86_64\irisengine\buffers.obj
d:\the iris\irisengine\obj\debug-windows-x86_64\irisengine\log.obj
d:\the iris\irisengine\obj\debug-windows-x86_64\irisengine\layers.obj
d:\the iris\irisengine\obj\debug-windows-x86_64\irisengine\layerstack.obj
d:\the iris\irisengine\obj\debug-windows-x86_64\irisengine\editor_interface.obj
d:\the iris\irisengine\obj\debug-windows-x86_64\irisengine\uibuild.obj
d:\the iris\irisengine\obj\debug-windows-x86_64\irisengine\opengl_vertexarray.obj
d:\the iris\irisengine\obj\debug-windows-x86_64\irisengine\opengl_context.obj
d:\the iris\irisengine\obj\debug-windows-x86_64\irisengine\opengl_buffer.obj
d:\the iris\irisengine\obj\debug-windows-x86_64\irisengine\irlauncher.obj
d:\the iris\irisengine\bin\debug-windows-x86_64\irisengine\irisengine.lib
d:\the iris\irisengine\obj\debug-windows-x86_64\irisengine\irisengine.tlog\cl.command.1.tlog
d:\the iris\irisengine\obj\debug-windows-x86_64\irisengine\irisengine.tlog\cl.read.1.tlog
d:\the iris\irisengine\obj\debug-windows-x86_64\irisengine\irisengine.tlog\cl.write.1.tlog
d:\the iris\irisengine\obj\debug-windows-x86_64\irisengine\irisengine.tlog\lib-link.read.1.tlog
d:\the iris\irisengine\obj\debug-windows-x86_64\irisengine\irisengine.tlog\lib-link.write.1.tlog
d:\the iris\irisengine\obj\debug-windows-x86_64\irisengine\irisengine.tlog\lib.command.1.tlog
